<?xml version="1.0" encoding="UTF-8"?>
<testng-results ignored="0" total="1" passed="1" failed="0" skipped="0">
  <reporter-output>
  </reporter-output>
  <suite started-at="2024-12-11T18:05:27 IST" name="Default suite" finished-at="2024-12-11T18:05:49 IST" duration-ms="21582">
    <groups>
    </groups>
    <test started-at="2024-12-11T18:05:27 IST" name="Default test" finished-at="2024-12-11T18:05:49 IST" duration-ms="21582">
      <class name="com.crm.Testdata.TestScript">
        <test-method is-config="true" signature="preCondition()[pri:0, instance:com.crm.Testdata.TestScript@7a35b0f5]" started-at="2024-12-11T18:05:27 IST" name="preCondition" finished-at="2024-12-11T18:05:31 IST" duration-ms="3737" status="PASS">
          <reporter-output>
          </reporter-output>
        </test-method> <!-- preCondition -->
        <test-method is-config="true" signature="login()[pri:0, instance:com.crm.Testdata.TestScript@7a35b0f5]" started-at="2024-12-11T18:05:31 IST" name="login" finished-at="2024-12-11T18:05:33 IST" duration-ms="1598" status="PASS">
          <reporter-output>
          </reporter-output>
        </test-method> <!-- login -->
        <test-method signature="testCase()[pri:0, instance:com.crm.Testdata.TestScript@7a35b0f5]" started-at="2024-12-11T18:05:33 IST" name="testCase" finished-at="2024-12-11T18:05:46 IST" duration-ms="13432" status="PASS">
          <reporter-output>
          </reporter-output>
        </test-method> <!-- testCase -->
        <test-method is-config="true" signature="logout()[pri:0, instance:com.crm.Testdata.TestScript@7a35b0f5]" started-at="2024-12-11T18:05:46 IST" name="logout" finished-at="2024-12-11T18:05:49 IST" duration-ms="2772" status="PASS">
          <reporter-output>
          </reporter-output>
        </test-method> <!-- logout -->
      </class> <!-- com.crm.Testdata.TestScript -->
    </test> <!-- Default test -->
  </suite> <!-- Default suite -->
</testng-results>
